{"level":"info","message":"✅ Successfully fetched 24 Flipkart products for query mobile","service":"user-service"}
{"level":"info","message":"✅ Successfully fetched 24 Flipkart products for query laptop","service":"user-service"}
{"level":"info","message":"✅ Successfully fetched 40 Flipkart products for query kurta","service":"user-service"}
{"level":"info","message":"✅ Successfully fetched 40 Flipkart products for query mehendi","service":"user-service"}
{"level":"info","message":"✅ Successfully fetched 40 Flipkart products for query mehendi","service":"user-service"}
{"level":"info","message":"✅ Successfully fetched 40 Flipkart products for query gaming pc","service":"user-service"}
{"level":"error","message":"❌ Error fetching Flipkart products for query gaming pc","service":"user-service"}
{"level":"info","message":"✅ Successfully fetched 40 Flipkart products for query gaming pc","service":"user-service"}
{"level":"error","message":"❌ Error fetching Flipkart :Cannot read properties of undefined (reading 'length')","service":"user-service"}
{"level":"info","message":"✅ Successfully fetched 40 Flipkart products for query gaming pc","service":"user-service"}
{"level":"info","message":"✅ Successfully fetched 40 Flipkart products for query gaming pc","service":"user-service"}
{"level":"info","message":"✅ Successfully fetched 40 Flipkart products for query gaming pc","service":"user-service"}
{"level":"error","message":"❌ Error fetching Flipkart :Request failed with status code 429","service":"user-service"}
{"level":"info","message":"✅ Successfully fetched 24 Flipkart products for query mo","service":"user-service"}
{"level":"error","message":"❌ Error fetching Flipkart :Request failed with status code 429","service":"user-service"}
{"level":"error","message":"❌ Error fetching Flipkart :Request failed with status code 429","service":"user-service"}
{"level":"info","message":"✅ Successfully fetched 24 Flipkart products for query mobile","service":"user-service"}
{"level":"info","message":"✅ Successfully fetched 24 Flipkart products for query mobile","service":"user-service"}
{"level":"error","message":"❌ Error fetching Flipkart :Request failed with status code 429","service":"user-service"}
{"level":"info","message":"✅ Successfully fetched 24 Flipkart products for query mobile","service":"user-service"}
{"level":"info","message":"✅ Successfully fetched 24 Flipkart products for query mobile","service":"user-service"}
{"level":"info","message":"✅ Successfully fetched 24 Flipkart products for query mobile","service":"user-service"}
{"level":"info","message":"✅ Successfully fetched 24 Flipkart products for query mobile","service":"user-service"}
{"level":"info","message":"✅ Successfully fetched 24 Flipkart products for query android","service":"user-service"}
{"level":"error","message":"❌ Error fetching Flipkart :Request failed with status code 429","service":"user-service"}
{"level":"info","message":"✅ Successfully fetched 24 Flipkart products for query android","service":"user-service"}
{"level":"info","message":"✅ Successfully fetched 40 Flipkart products for query android","service":"user-service"}
{"level":"error","message":"❌ Error fetching Flipkart :Request failed with status code 429","service":"user-service"}
{"level":"info","message":"✅ Successfully fetched 24 Flipkart products for query android","service":"user-service"}
{"level":"error","message":"❌ Error fetching Flipkart :Request failed with status code 429","service":"user-service"}
{"level":"info","message":"✅ Successfully fetched 40 Flipkart products for query kurta","service":"user-service"}
{"level":"error","message":"❌ Error fetching Flipkart :Request failed with status code 429","service":"user-service"}
{"level":"info","message":"✅ Successfully fetched 40 Flipkart products for query kurta","service":"user-service"}
{"level":"info","message":"✅ Successfully fetched 40 Flipkart products for query kurta","service":"user-service"}
